<?xml version="1.0" encoding="UTF-8"?>
<!-- Generated by org.testng.reporters.JUnitReportReporter -->
<testsuite hostname="DESKTOP-GMHIOK6" failures="0" tests="7" name="testNG.Priority_cocept" time="37.842" errors="0" timestamp="2023-03-26T19:33:19 IST" skipped="0">
  <testcase classname="testNG.Priority_cocept" name="tc1" time="4.259"/>
  <system-out/>
  <testcase classname="testNG.Priority_cocept" name="tc7" time="6.564"/>
  <system-out/>
  <testcase classname="testNG.Priority_cocept" name="tc6" time="7.346"/>
  <system-out/>
  <testcase classname="testNG.Priority_cocept" name="tc2" time="12.859"/>
  <system-out/>
  <testcase classname="testNG.Priority_cocept" name="tc4" time="1.822"/>
  <system-out/>
  <testcase classname="testNG.Priority_cocept" name="tc3" time="1.999"/>
  <system-out/>
  <testcase classname="testNG.Priority_cocept" name="tc5" time="2.993"/>
  <system-out/>
</testsuite> <!-- testNG.Priority_cocept -->
