<?xml version="1.0" encoding="UTF-8"?>
<!-- Generated by org.testng.reporters.JUnitReportReporter -->
<testsuite hostname="DESKTOP-GMHIOK6" failures="0" tests="12" name="testNG.TestNG_part_3" time="9.257" errors="0" timestamp="2023-03-26T13:34:10 IST" skipped="1">
  <testcase classname="testNG.TestNG_part_3" name="tc5" time="4.454"/>
  <system-out/>
  <testcase classname="testNG.TestNG_part_3" name="tc5" time="0.308"/>
  <system-out/>
  <testcase classname="testNG.TestNG_part_3" name="tc5" time="0.309"/>
  <system-out/>
  <testcase classname="testNG.TestNG_part_3" name="tc5" time="0.384"/>
  <system-out/>
  <testcase classname="testNG.TestNG_part_3" name="tc5" time="0.331"/>
  <system-out/>
  <testcase classname="testNG.TestNG_part_3" name="tc5" time="0.313"/>
  <system-out/>
  <testcase classname="testNG.TestNG_part_3" name="tc5" time="0.305"/>
  <system-out/>
  <testcase classname="testNG.TestNG_part_3" name="tc5" time="0.311"/>
  <system-out/>
  <testcase classname="testNG.TestNG_part_3" name="tc5" time="0.311"/>
  <system-out/>
  <testcase classname="testNG.TestNG_part_3" name="tc5" time="0.379"/>
  <system-out/>
  <testcase classname="testNG.TestNG_part_3" name="tc2" time="1.852"/>
  <system-out/>
  <testcase classname="testNG.TestNG_part_3" name="tc1">
    <skipped/>
  </testcase> <!-- tc1 -->
  <system-out/>
</testsuite> <!-- testNG.TestNG_part_3 -->
