<?xml version="1.0" encoding="UTF-8"?>
<!-- Generated by org.testng.reporters.JUnitReportReporter -->
<testsuite hostname="DESKTOP-GMHIOK6" failures="0" tests="3" name="testNG_crossBrowser.CrossBrowser_Testing" time="38.938" errors="0" timestamp="2023-03-26T20:05:42 IST" skipped="0">
  <testcase classname="testNG_crossBrowser.CrossBrowser_Testing" name="tc1" time="11.817"/>
  <system-out/>
  <testcase classname="testNG_crossBrowser.CrossBrowser_Testing" name="tc1" time="13.871"/>
  <system-out/>
  <testcase classname="testNG_crossBrowser.CrossBrowser_Testing" name="tc1" time="13.250"/>
  <system-out/>
</testsuite> <!-- testNG_crossBrowser.CrossBrowser_Testing -->
