<?xml version="1.0" encoding="UTF-8"?>
<!-- Generated by org.testng.reporters.JUnitReportReporter -->
<testsuite hostname="DESKTOP-GMHIOK6" failures="0" tests="3" name="testNG.Parallel_excution_method" time="27.829" errors="0" timestamp="2023-03-26T19:33:19 IST" skipped="0">
  <testcase classname="testNG.Parallel_excution_method" name="tc2" time="2.871"/>
  <system-out/>
  <testcase classname="testNG.Parallel_excution_method" name="tc3" time="13.344"/>
  <system-out/>
  <testcase classname="testNG.Parallel_excution_method" name="tc1" time="11.614"/>
  <system-out/>
</testsuite> <!-- testNG.Parallel_excution_method -->
