<?xml version="1.0" encoding="UTF-8"?>
<!-- Generated by org.testng.reporters.JUnitReportReporter -->
<testsuite hostname="DESKTOP-GMHIOK6" failures="0" tests="3" name="testNG.Parallel_excution_method" time="12.550" errors="0" timestamp="2023-04-19T00:09:22 IST" skipped="0">
  <testcase classname="testNG.Parallel_excution_method" name="tc2" time="2.483"/>
  <system-out/>
  <testcase classname="testNG.Parallel_excution_method" name="tc1" time="4.076"/>
  <system-out/>
  <testcase classname="testNG.Parallel_excution_method" name="tc3" time="5.991"/>
  <system-out/>
</testsuite> <!-- testNG.Parallel_excution_method -->
