<?xml version="1.0" encoding="UTF-8"?>
<!-- Generated by org.testng.reporters.JUnitReportReporter -->
<testsuite hostname="DESKTOP-GMHIOK6" failures="0" tests="10" name="testNG.Parameter" time="4.473" errors="0" timestamp="2023-03-26T17:40:21 IST" skipped="0">
  <testcase classname="testNG.Parameter" name="tc1" time="1.913"/>
  <system-out/>
  <testcase classname="testNG.Parameter" name="tc2" time="0.637"/>
  <system-out/>
  <testcase classname="testNG.Parameter" name="tc2" time="0.666"/>
  <system-out/>
  <testcase classname="testNG.Parameter" name="tc3" time="0.001"/>
  <system-out/>
  <testcase classname="testNG.Parameter" name="tc2" time="0.628"/>
  <system-out/>
  <testcase classname="testNG.Parameter" name="tc3" time="0.001"/>
  <system-out/>
  <testcase classname="testNG.Parameter" name="tc3" time="0.000"/>
  <system-out/>
  <testcase classname="testNG.Parameter" name="tc2" time="0.626"/>
  <system-out/>
  <testcase classname="testNG.Parameter" name="tc3" time="0.001"/>
  <system-out/>
  <testcase classname="testNG.Parameter" name="tc3" time="0.000"/>
  <system-out/>
</testsuite> <!-- testNG.Parameter -->
