<?xml version="1.0" encoding="UTF-8"?>
<!-- Generated by org.testng.reporters.JUnitReportReporter -->
<testsuite hostname="DESKTOP-GMHIOK6" failures="0" tests="5" name="testNG.DataProvider_Amazon" time="19.967" errors="0" timestamp="2023-03-26T17:30:25 IST" skipped="0">
  <testcase classname="testNG.DataProvider_Amazon" name="tc2" time="3.482"/>
  <system-out/>
  <testcase classname="testNG.DataProvider_Amazon" name="tc2" time="8.365"/>
  <system-out/>
  <testcase classname="testNG.DataProvider_Amazon" name="tc2" time="1.801"/>
  <system-out/>
  <testcase classname="testNG.DataProvider_Amazon" name="tc2" time="4.127"/>
  <system-out/>
  <testcase classname="testNG.DataProvider_Amazon" name="tc2" time="2.192"/>
  <system-out/>
</testsuite> <!-- testNG.DataProvider_Amazon -->
